<?xml version="1.0" encoding="UTF-8"?>
<!-- Generated by org.testng.reporters.JUnitXMLReporter -->
<testsuite hostname="LAPTOP-3AI9QJI2" name="Test" tests="7" failures="0" timestamp="19 Jul 2022 05:29:06 GMT" time="0.035" errors="0">
  <testcase name="createDemo1" time="0.01" classname="com.MavenDemo.DemoTest"/>
  <testcase name="createDemo2" time="0.002" classname="com.MavenDemo.DemoTest"/>
  <testcase name="createDemo3" time="0.001" classname="com.MavenDemo.DemoTest"/>
  <testcase name="createDemo4" time="0.001" classname="com.MavenDemo.Demo2Test"/>
  <testcase name="createDemo5" time="0.001" classname="com.MavenDemo.Demo2Test"/>
  <testcase name="createDemo6" time="0.003" classname="com.MavenDemo.Demo2Test"/>
  <testcase name="demoNew" time="0.001" classname="com.MavenDemo.Demo3Test"/>
</testsuite> <!-- Test -->
