<?xml version="1.0" encoding="UTF-8"?>
<!-- Generated by org.testng.reporters.JUnitXMLReporter -->
<testsuite hostname="LAPTOP-3AI9QJI2" failures="0" tests="7" name="Test" time="0.093" errors="0" timestamp="19 Jul 2022 09:40:54 GMT">
  <testcase classname="com.MavenDemo.DemoTest" name="createDemo1" time="0.014"/>
  <testcase classname="com.MavenDemo.DemoTest" name="createDemo2" time="0.002"/>
  <testcase classname="com.MavenDemo.DemoTest" name="createDemo3" time="0.001"/>
  <testcase classname="com.MavenDemo.Demo2Test" name="createDemo4" time="0.003"/>
  <testcase classname="com.MavenDemo.Demo2Test" name="createDemo5" time="0.001"/>
  <testcase classname="com.MavenDemo.Demo2Test" name="createDemo6" time="0.038"/>
  <testcase classname="com.MavenDemo.Demo3Test" name="demoNew" time="0.003"/>
</testsuite> <!-- Test -->
