<?xml version="1.0" encoding="UTF-8"?>
<!-- Generated by org.testng.reporters.JUnitXMLReporter -->
<testsuite hostname="LAPTOP-3AI9QJI2" failures="0" tests="3" name="Default test" time="0.058" errors="0" timestamp="18 Jul 2022 09:22:05 GMT">
  <testcase classname="com.MavenDemo.DemoTest" name="createDemo1Test" time="0.016"/>
  <testcase classname="com.MavenDemo.DemoTest" name="createDemo2Test" time="0.006"/>
  <testcase classname="com.MavenDemo.DemoTest" name="createDemo3Test" time="0.004"/>
</testsuite> <!-- Default test -->
