<?xml version="1.0" encoding="UTF-8"?>
<testng-results total="3" passed="3" failed="0" skipped="0">
  <reporter-output>
    <line>
      <![CDATA[TestDemo1]]>
    </line>
    <line>
      <![CDATA[TestDemo2]]>
    </line>
    <line>
      <![CDATA[TestDemo3]]>
    </line>
  </reporter-output>
  <suite started-at="2022-07-18T09:22:05Z" name="Default suite" finished-at="2022-07-18T09:22:05Z" duration-ms="58">
    <groups>
    </groups>
    <test started-at="2022-07-18T09:22:05Z" name="Default test" finished-at="2022-07-18T09:22:05Z" duration-ms="58">
      <class name="com.MavenDemo.DemoTest">
        <test-method signature="createDemo1Test()[pri:0, instance:com.MavenDemo.DemoTest@be68757]" started-at="2022-07-18T14:52:05Z" name="createDemo1Test" finished-at="2022-07-18T14:52:05Z" duration-ms="16" status="PASS">
          <reporter-output>
            <line>
              <![CDATA[TestDemo1]]>
            </line>
          </reporter-output>
        </test-method> <!-- createDemo1Test -->
        <test-method signature="createDemo2Test()[pri:0, instance:com.MavenDemo.DemoTest@be68757]" started-at="2022-07-18T14:52:05Z" name="createDemo2Test" finished-at="2022-07-18T14:52:05Z" duration-ms="6" status="PASS">
          <reporter-output>
            <line>
              <![CDATA[TestDemo2]]>
            </line>
          </reporter-output>
        </test-method> <!-- createDemo2Test -->
        <test-method signature="createDemo3Test()[pri:0, instance:com.MavenDemo.DemoTest@be68757]" started-at="2022-07-18T14:52:05Z" name="createDemo3Test" finished-at="2022-07-18T14:52:05Z" duration-ms="4" status="PASS">
          <reporter-output>
            <line>
              <![CDATA[TestDemo3]]>
            </line>
          </reporter-output>
        </test-method> <!-- createDemo3Test -->
      </class> <!-- com.MavenDemo.DemoTest -->
    </test> <!-- Default test -->
  </suite> <!-- Default suite -->
</testng-results>
