<?xml version="1.0" encoding="UTF-8"?>
<testng-results total="1" passed="1" failed="0" skipped="0">
  <reporter-output>
    <line>
      <![CDATA[TestDemo2]]>
    </line>
  </reporter-output>
  <suite started-at="2022-07-19T06:54:33Z" name="Default suite" finished-at="2022-07-19T06:54:33Z" duration-ms="55">
    <groups>
    </groups>
    <test started-at="2022-07-19T06:54:33Z" name="Default test" finished-at="2022-07-19T06:54:33Z" duration-ms="55">
      <class name="com.MavenDemo.DemoTest">
        <test-method signature="createDemo2()[pri:0, instance:com.MavenDemo.DemoTest@39ac0c0a]" started-at="2022-07-19T12:24:33Z" name="createDemo2" finished-at="2022-07-19T12:24:33Z" duration-ms="24" status="PASS">
          <reporter-output>
            <line>
              <![CDATA[TestDemo2]]>
            </line>
          </reporter-output>
        </test-method> <!-- createDemo2 -->
      </class> <!-- com.MavenDemo.DemoTest -->
    </test> <!-- Default test -->
  </suite> <!-- Default suite -->
</testng-results>
