<?xml version="1.0" encoding="UTF-8"?>
<testng-results total="7" passed="7" failed="0" skipped="0">
  <reporter-output>
    <line>
      <![CDATA[TestDemo2]]>
    </line>
    <line>
      <![CDATA[TestDemo3]]>
    </line>
    <line>
      <![CDATA[TestDemo4]]>
    </line>
    <line>
      <![CDATA[I love purple colour]]>
    </line>
    <line>
      <![CDATA[Testing]]>
    </line>
    <line>
      <![CDATA[TestDemo5]]>
    </line>
    <line>
      <![CDATA[TestDemoo6]]>
    </line>
    <line>
      <![CDATA[Abishek is good boy]]>
    </line>
  </reporter-output>
  <suite started-at="2022-07-19T09:40:54Z" name="Suite" finished-at="2022-07-19T09:40:54Z" duration-ms="93">
    <groups>
    </groups>
    <test started-at="2022-07-19T09:40:54Z" name="Test" finished-at="2022-07-19T09:40:54Z" duration-ms="93">
      <class name="com.MavenDemo.Demo2Test">
        <test-method signature="createDemo4()[pri:0, instance:com.MavenDemo.Demo2Test@30c93896]" started-at="2022-07-19T15:10:54Z" name="createDemo4" finished-at="2022-07-19T15:10:54Z" duration-ms="3" status="PASS">
          <reporter-output>
            <line>
              <![CDATA[TestDemo4]]>
            </line>
            <line>
              <![CDATA[I love purple colour]]>
            </line>
            <line>
              <![CDATA[Testing]]>
            </line>
          </reporter-output>
        </test-method> <!-- createDemo4 -->
        <test-method signature="createDemo5()[pri:0, instance:com.MavenDemo.Demo2Test@30c93896]" started-at="2022-07-19T15:10:54Z" name="createDemo5" finished-at="2022-07-19T15:10:54Z" duration-ms="1" status="PASS">
          <reporter-output>
            <line>
              <![CDATA[TestDemo5]]>
            </line>
          </reporter-output>
        </test-method> <!-- createDemo5 -->
        <test-method signature="createDemo6()[pri:0, instance:com.MavenDemo.Demo2Test@30c93896]" started-at="2022-07-19T15:10:54Z" name="createDemo6" finished-at="2022-07-19T15:10:54Z" duration-ms="38" status="PASS">
          <reporter-output>
            <line>
              <![CDATA[TestDemoo6]]>
            </line>
          </reporter-output>
        </test-method> <!-- createDemo6 -->
      </class> <!-- com.MavenDemo.Demo2Test -->
      <class name="com.MavenDemo.DemoTest">
        <test-method signature="createDemo1()[pri:0, instance:com.MavenDemo.DemoTest@3f91b517]" started-at="2022-07-19T15:10:54Z" name="createDemo1" finished-at="2022-07-19T15:10:54Z" duration-ms="14" status="PASS">
          <reporter-output>
          </reporter-output>
        </test-method> <!-- createDemo1 -->
        <test-method signature="createDemo2()[pri:0, instance:com.MavenDemo.DemoTest@3f91b517]" started-at="2022-07-19T15:10:54Z" name="createDemo2" finished-at="2022-07-19T15:10:54Z" duration-ms="2" status="PASS">
          <reporter-output>
            <line>
              <![CDATA[TestDemo2]]>
            </line>
          </reporter-output>
        </test-method> <!-- createDemo2 -->
        <test-method signature="createDemo3()[pri:0, instance:com.MavenDemo.DemoTest@3f91b517]" started-at="2022-07-19T15:10:54Z" name="createDemo3" finished-at="2022-07-19T15:10:54Z" duration-ms="1" status="PASS">
          <reporter-output>
            <line>
              <![CDATA[TestDemo3]]>
            </line>
          </reporter-output>
        </test-method> <!-- createDemo3 -->
      </class> <!-- com.MavenDemo.DemoTest -->
      <class name="com.MavenDemo.Demo3Test">
        <test-method signature="demoNew()[pri:0, instance:com.MavenDemo.Demo3Test@59a008ba]" started-at="2022-07-19T15:10:54Z" name="demoNew" finished-at="2022-07-19T15:10:54Z" duration-ms="3" status="PASS">
          <reporter-output>
            <line>
              <![CDATA[Abishek is good boy]]>
            </line>
          </reporter-output>
        </test-method> <!-- demoNew -->
      </class> <!-- com.MavenDemo.Demo3Test -->
    </test> <!-- Test -->
  </suite> <!-- Suite -->
</testng-results>
